<?xml version="1.0" encoding="UTF-8"?>
<testsuites name="KatalonGit" time="33" tests="2" failures="0" errors="0">
   <testsuite name="KatalonGit" tests="2" failures="0" errors="0" time="33" timestamp="2018-01-05 17:46:48" hostname="ENguli - LTTECH1550.safaricom.net" id="Test Suites/KatalonGit">
      <properties>
         <property name="deviceName" value=""/>
         <property name="devicePlatform" value=""/>
         <property name="logFolder" value="C:\\Users\\enguli\\git\\KatalonStudioTestRepo\\Reports\\KatalonGit\\20180105_174644"/>
         <property name="logFiles" value="C:\\Users\\enguli\\git\\KatalonStudioTestRepo\\Reports\\KatalonGit\\20180105_174644\\execution0.log"/>
         <property name="attachments" value=""/>
         <property name="hostName" value="ENguli - LTTECH1550.safaricom.net"/>
         <property name="os" value="Windows 7 64bit"/>
         <property name="katalonVersion" value="5.2.0.1"/>
         <property name="browser" value="Chrome 63.0.3239.84"/>
         <property name="hostAddress" value="192.168.43.131"/>
         <property name="sessionId" value="3559044ff17227e830d2a12efe960ff3"/>
         <property name="seleniumVersion" value="3.7.1"/>
         <property name="proxyInformation" value="ProxyInformation{proxyOption=NO_PROXY, proxyServerType=HTTP, password=, proxyServerAddress=, proxyServerPort=0}"/>
         <property name="platform" value="Windows 7"/>
      </properties>
      <testcase name="Test Cases/Test Case1" classname="Test Cases/Test Case1" status="PASSED">
         <system-out><![CDATA[2018-01-05 17:46:49 - [TEST_CASE][PASSED] - Test Cases/Test Case1: Test Cases/Test Case1

2018-01-05 17:46:49 - [TEST_STEP][PASSED] - openBrowser: Browser is opened with url: ''

2018-01-05 17:47:04 - [MESSAGE][PASSED] - Browser is opened with url: ''

2018-01-05 17:47:04 - [TEST_STEP][PASSED] - navigateToUrl: Navigate to 'http://executeautomation.com/demosite/Login.html' successfully

2018-01-05 17:47:08 - [MESSAGE][PASSED] - Navigate to 'http://executeautomation.com/demosite/Login.html' successfully

2018-01-05 17:47:08 - [TEST_STEP][PASSED] - setText: Text 'admin' is set on object 'Object Repository/Page_Execute Automation/input_UserName'

2018-01-05 17:47:09 - [MESSAGE][PASSED] - Text 'admin' is set on object 'Object Repository/Page_Execute Automation/input_UserName'

2018-01-05 17:47:09 - [TEST_STEP][PASSED] - setText: Text 'admin' is set on object 'Object Repository/Page_Execute Automation/input_Password'

2018-01-05 17:47:09 - [MESSAGE][PASSED] - Text 'admin' is set on object 'Object Repository/Page_Execute Automation/input_Password'

2018-01-05 17:47:09 - [TEST_STEP][PASSED] - click: Object: 'Object Repository/Page_Execute Automation/input_Login' is clicked on

2018-01-05 17:47:10 - [MESSAGE][PASSED] - Object: 'Object Repository/Page_Execute Automation/input_Login' is clicked on

2018-01-05 17:47:10 - [TEST_STEP][PASSED] - closeBrowser: Browser is closed

2018-01-05 17:47:10 - [MESSAGE][PASSED] - Browser is closed]]></system-out>
         <system-err><![CDATA[]]></system-err>
      </testcase>
      <testcase name="Test Cases/Test Case 2" classname="Test Cases/Test Case 2" status="PASSED">
         <system-out><![CDATA[2018-01-05 17:47:10 - [TEST_CASE][PASSED] - Test Cases/Test Case 2: Test Cases/Test Case 2

2018-01-05 17:47:11 - [TEST_STEP][PASSED] - openBrowser: Browser is opened with url: ''

2018-01-05 17:47:14 - [MESSAGE][PASSED] - Browser is opened with url: ''

2018-01-05 17:47:14 - [TEST_STEP][PASSED] - navigateToUrl: Navigate to 'http://executeautomation.com/demosite/Login.html' successfully

2018-01-05 17:47:20 - [MESSAGE][PASSED] - Navigate to 'http://executeautomation.com/demosite/Login.html' successfully

2018-01-05 17:47:20 - [TEST_STEP][PASSED] - setText: Text 'admin' is set on object 'Object Repository/Page_Execute Automation (1)/input_UserName'

2018-01-05 17:47:20 - [MESSAGE][PASSED] - Text 'admin' is set on object 'Object Repository/Page_Execute Automation (1)/input_UserName'

2018-01-05 17:47:20 - [TEST_STEP][PASSED] - setText: Text 'admin' is set on object 'Object Repository/Page_Execute Automation (1)/input_Password'

2018-01-05 17:47:20 - [MESSAGE][PASSED] - Text 'admin' is set on object 'Object Repository/Page_Execute Automation (1)/input_Password'

2018-01-05 17:47:20 - [TEST_STEP][PASSED] - click: Object: 'Object Repository/Page_Execute Automation (1)/input_Login' is clicked on

2018-01-05 17:47:20 - [MESSAGE][PASSED] - Object: 'Object Repository/Page_Execute Automation (1)/input_Login' is clicked on

2018-01-05 17:47:20 - [TEST_STEP][PASSED] - selectOptionByValue: All options with value '2' are selected in object 'Object Repository/Page_Execute Automation (1)/select_TitleId'  using regular expression

2018-01-05 17:47:21 - [MESSAGE][PASSED] - All options with value '2' are selected in object 'Object Repository/Page_Execute Automation (1)/select_TitleId'  using regular expression

2018-01-05 17:47:21 - [TEST_STEP][PASSED] - setText: Text 'JJ' is set on object 'Object Repository/Page_Execute Automation (1)/input_Initial'

2018-01-05 17:47:21 - [MESSAGE][PASSED] - Text 'JJ' is set on object 'Object Repository/Page_Execute Automation (1)/input_Initial'

2018-01-05 17:47:21 - [TEST_STEP][PASSED] - setText: Text 'JJ' is set on object 'Object Repository/Page_Execute Automation (1)/input_FirstName'

2018-01-05 17:47:21 - [MESSAGE][PASSED] - Text 'JJ' is set on object 'Object Repository/Page_Execute Automation (1)/input_FirstName'

2018-01-05 17:47:21 - [TEST_STEP][PASSED] - setText: Text 'JJ' is set on object 'Object Repository/Page_Execute Automation (1)/input_MiddleName'

2018-01-05 17:47:21 - [MESSAGE][PASSED] - Text 'JJ' is set on object 'Object Repository/Page_Execute Automation (1)/input_MiddleName'

2018-01-05 17:47:21 - [TEST_STEP][PASSED] - click: Object: 'Object Repository/Page_Execute Automation (1)/input_Save' is clicked on

2018-01-05 17:47:21 - [MESSAGE][PASSED] - Object: 'Object Repository/Page_Execute Automation (1)/input_Save' is clicked on

2018-01-05 17:47:21 - [TEST_STEP][PASSED] - closeBrowser: Browser is closed

2018-01-05 17:47:22 - [MESSAGE][PASSED] - Browser is closed]]></system-out>
         <system-err><![CDATA[]]></system-err>
      </testcase>
      <system-out><![CDATA[2018-01-05 17:46:48 - [TEST_SUITE][PASSED] - KatalonGit: Test Cases/Test Case 2]]></system-out>
      <system-err><![CDATA[]]></system-err>
   </testsuite>
</testsuites>
