<?xml version="1.0" encoding="UTF-8"?>
<testsuites name="HRMTestSuite" time="62" tests="0" failures="1" errors="0">
   <testsuite name="HRMTestSuite" tests="0" failures="1" errors="0" time="62" timestamp="2018-01-04 15:16:28" hostname="ENguli - LTTECH1550.safaricom.net" id="Test Suites/HRMTestSuite">
      <properties>
         <property name="deviceName" value=""/>
         <property name="devicePlatform" value=""/>
         <property name="logFolder" value="C:\\Users\\enguli\\git\\KatalonStudioTestRepo\\Reports\\HRMTestSuite\\20180104_151624"/>
         <property name="logFiles" value="C:\\Users\\enguli\\git\\KatalonStudioTestRepo\\Reports\\HRMTestSuite\\20180104_151624\\execution0.log"/>
         <property name="attachments" value="C:\\Users\\enguli\\git\\KatalonStudioTestRepo\\Reports\\HRMTestSuite\\20180104_151624\\1515068249170.png, C:\\Users\\enguli\\git\\KatalonStudioTestRepo\\Reports\\HRMTestSuite\\20180104_151624\\1515068249477.png"/>
         <property name="hostName" value="ENguli - LTTECH1550.safaricom.net"/>
         <property name="os" value="Windows 7 64bit"/>
         <property name="katalonVersion" value="5.2.0.1"/>
         <property name="browser" value="Chrome 63.0.3239.84"/>
         <property name="hostAddress" value="192.168.43.131"/>
         <property name="sessionId" value="9b7b167d0e51f952ffa2003e8fb2f291"/>
         <property name="seleniumVersion" value="3.7.1"/>
         <property name="proxyInformation" value="ProxyInformation{proxyOption=NO_PROXY, proxyServerType=HTTP, password=, proxyServerAddress=, proxyServerPort=0}"/>
         <property name="platform" value="Windows 7"/>
      </properties>
      <testcase name="Test Cases/HRM_Login" classname="Test Cases/HRM_Login" status="FAILED">
         <failure type="FAILED" message="Unable to verify object 'Object Repository/Page_OrangeHRM/span_Invalid credentials' is present (Root cause: com.kms.katalon.core.webui.exception.WebElementNotFoundException: Web element with id: 'Object Repository/Page_OrangeHRM/span_Invalid credentials' located by 'By.xpath: //span[count(. | //*[@id = 'spanMessage']) = count(//*[@id = 'spanMessage'])][count(. | //*[text() = 'Invalid credentials']) = count(//*[text() = 'Invalid credentials'])]' not found)"/>
         <system-out><![CDATA[2018-01-04 15:16:28 - [TEST_CASE][FAILED] - Test Cases/HRM_Login: Test Cases/HRM_Login FAILED because (of) Unable to verify object 'Object Repository/Page_OrangeHRM/span_Invalid credentials' is present (Root cause: com.kms.katalon.core.webui.exception.WebElementNotFoundException: Web element with id: 'Object Repository/Page_OrangeHRM/span_Invalid credentials' located by 'By.xpath: //span[count(. | //*[@id = 'spanMessage']) = count(//*[@id = 'spanMessage'])][count(. | //*[text() = 'Invalid credentials']) = count(//*[text() = 'Invalid credentials'])]' not found)

2018-01-04 15:16:29 - [TEST_STEP][FAILED] - Statement - For ([row = 1, row <= com.kms.katalon.core.testdata.TestDataFactory.findTestData(HRMLogin).getRowNumbers(), (row++)]): Unable to verify object 'Object Repository/Page_OrangeHRM/span_Invalid credentials' is present (Root cause: com.kms.katalon.core.webui.exception.WebElementNotFoundException: Web element with id: 'Object Repository/Page_OrangeHRM/span_Invalid credentials' located by 'By.xpath: //span[count(. | //*[@id = 'spanMessage']) = count(//*[@id = 'spanMessage'])][count(. | //*[text() = 'Invalid credentials']) = count(//*[text() = 'Invalid credentials'])]' not found)

2018-01-04 15:16:31 - [TEST_STEP][PASSED] - openBrowser: Browser is opened with url: ''

2018-01-04 15:16:38 - [MESSAGE][PASSED] - Browser is opened with url: ''

2018-01-04 15:16:38 - [TEST_STEP][PASSED] - navigateToUrl: Navigate to 'http://opensource.demo.orangehrmlive.com/' successfully

2018-01-04 15:16:43 - [MESSAGE][PASSED] - Navigate to 'http://opensource.demo.orangehrmlive.com/' successfully

2018-01-04 15:16:43 - [TEST_STEP][PASSED] - click: Object: 'Object Repository/Page_OrangeHRM/span_Username' is clicked on

2018-01-04 15:16:43 - [MESSAGE][PASSED] - Object: 'Object Repository/Page_OrangeHRM/span_Username' is clicked on

2018-01-04 15:16:43 - [TEST_STEP][PASSED] - setText: Text 'test' is set on object 'Object Repository/Page_OrangeHRM/input_txtUsername'

2018-01-04 15:16:43 - [MESSAGE][PASSED] - Text 'test' is set on object 'Object Repository/Page_OrangeHRM/input_txtUsername'

2018-01-04 15:16:43 - [TEST_STEP][PASSED] - setText: Text 'test' is set on object 'Object Repository/Page_OrangeHRM/input_txtPassword'

2018-01-04 15:16:43 - [MESSAGE][PASSED] - Text 'test' is set on object 'Object Repository/Page_OrangeHRM/input_txtPassword'

2018-01-04 15:16:43 - [TEST_STEP][PASSED] - click: Object: 'Object Repository/Page_OrangeHRM/input_Submit' is clicked on

2018-01-04 15:16:45 - [MESSAGE][PASSED] - Object: 'Object Repository/Page_OrangeHRM/input_Submit' is clicked on

2018-01-04 15:16:45 - [TEST_STEP][PASSED] - Statement - If (com.kms.katalon.core.webui.keyword.WebUiBuiltInKeywords.verifyElementPresent(com.kms.katalon.core.testobject.ObjectRepository.findTestObject(Page_OrangeHRM/span_Invalid credentials), 0) == true): Actual text and expected text of test object 'Object Repository/Page_OrangeHRM/span_Invalid credentials' are matched.

2018-01-04 15:16:45 - [MESSAGE][WARNING] - Timeout '0' is invalid. Using default page load timeout: '30'

2018-01-04 15:16:45 - [MESSAGE][PASSED] - Object 'Object Repository/Page_OrangeHRM/span_Invalid credentials' is present

2018-01-04 15:16:45 - [TEST_STEP][PASSED] - verifyElementText: Actual text and expected text of test object 'Object Repository/Page_OrangeHRM/span_Invalid credentials' are matched.

2018-01-04 15:16:45 - [MESSAGE][PASSED] - Actual text and expected text of test object 'Object Repository/Page_OrangeHRM/span_Invalid credentials' are matched.

2018-01-04 15:16:45 - [TEST_STEP][PASSED] - closeBrowser: Browser is closed

2018-01-04 15:16:46 - [MESSAGE][PASSED] - Browser is closed

2018-01-04 15:16:46 - [TEST_STEP][PASSED] - openBrowser: Browser is opened with url: ''

2018-01-04 15:16:49 - [MESSAGE][PASSED] - Browser is opened with url: ''

2018-01-04 15:16:49 - [TEST_STEP][PASSED] - navigateToUrl: Navigate to 'http://opensource.demo.orangehrmlive.com/' successfully

2018-01-04 15:16:53 - [MESSAGE][PASSED] - Navigate to 'http://opensource.demo.orangehrmlive.com/' successfully

2018-01-04 15:16:53 - [TEST_STEP][PASSED] - click: Object: 'Object Repository/Page_OrangeHRM/span_Username' is clicked on

2018-01-04 15:16:53 - [MESSAGE][PASSED] - Object: 'Object Repository/Page_OrangeHRM/span_Username' is clicked on

2018-01-04 15:16:53 - [TEST_STEP][PASSED] - setText: Text 'Admin' is set on object 'Object Repository/Page_OrangeHRM/input_txtUsername'

2018-01-04 15:16:53 - [MESSAGE][PASSED] - Text 'Admin' is set on object 'Object Repository/Page_OrangeHRM/input_txtUsername'

2018-01-04 15:16:53 - [TEST_STEP][PASSED] - setText: Text 'admin' is set on object 'Object Repository/Page_OrangeHRM/input_txtPassword'

2018-01-04 15:16:53 - [MESSAGE][PASSED] - Text 'admin' is set on object 'Object Repository/Page_OrangeHRM/input_txtPassword'

2018-01-04 15:16:53 - [TEST_STEP][PASSED] - click: Object: 'Object Repository/Page_OrangeHRM/input_Submit' is clicked on

2018-01-04 15:16:57 - [MESSAGE][PASSED] - Object: 'Object Repository/Page_OrangeHRM/input_Submit' is clicked on

2018-01-04 15:16:57 - [TEST_STEP][FAILED] - Statement - If (com.kms.katalon.core.webui.keyword.WebUiBuiltInKeywords.verifyElementPresent(com.kms.katalon.core.testobject.ObjectRepository.findTestObject(Page_OrangeHRM/span_Invalid credentials), 0) == true): Unable to verify object 'Object Repository/Page_OrangeHRM/span_Invalid credentials' is present (Root cause: com.kms.katalon.core.webui.exception.WebElementNotFoundException: Web element with id: 'Object Repository/Page_OrangeHRM/span_Invalid credentials' located by 'By.xpath: //span[count(. | //*[@id = 'spanMessage']) = count(//*[@id = 'spanMessage'])][count(. | //*[text() = 'Invalid credentials']) = count(//*[text() = 'Invalid credentials'])]' not found)

2018-01-04 15:16:57 - [MESSAGE][WARNING] - Timeout '0' is invalid. Using default page load timeout: '30'

2018-01-04 15:17:29 - [MESSAGE][FAILED] - com.kms.katalon.core.webui.exception.WebElementNotFoundException: Web element with id: 'Object Repository/Page_OrangeHRM/span_Invalid credentials' located by 'By.xpath: //span[count(. | //*[@id = 'spanMessage']) = count(//*[@id = 'spanMessage'])][count(. | //*[text() = 'Invalid credentials']) = count(//*[text() = 'Invalid credentials'])]' not found
[[ATTACHMENT|C:\\Users\\enguli\\git\\KatalonStudioTestRepo\\Reports\\HRMTestSuite\\20180104_151624\\1515068249170.png]]

2018-01-04 15:17:29 - [MESSAGE][FAILED] - Unable to verify object 'Object Repository/Page_OrangeHRM/span_Invalid credentials' is present (Root cause: com.kms.katalon.core.webui.exception.WebElementNotFoundException: Web element with id: 'Object Repository/Page_OrangeHRM/span_Invalid credentials' located by 'By.xpath: //span[count(. | //*[@id = 'spanMessage']) = count(//*[@id = 'spanMessage'])][count(. | //*[text() = 'Invalid credentials']) = count(//*[text() = 'Invalid credentials'])]' not found)
[[ATTACHMENT|C:\\Users\\enguli\\git\\KatalonStudioTestRepo\\Reports\\HRMTestSuite\\20180104_151624\\1515068249477.png]]]]></system-out>
         <system-err><![CDATA[2018-01-04 15:16:28 - [TEST_CASE][FAILED] - Test Cases/HRM_Login: Test Cases/HRM_Login FAILED because (of) Unable to verify object 'Object Repository/Page_OrangeHRM/span_Invalid credentials' is present (Root cause: com.kms.katalon.core.webui.exception.WebElementNotFoundException: Web element with id: 'Object Repository/Page_OrangeHRM/span_Invalid credentials' located by 'By.xpath: //span[count(. | //*[@id = 'spanMessage']) = count(//*[@id = 'spanMessage'])][count(. | //*[text() = 'Invalid credentials']) = count(//*[text() = 'Invalid credentials'])]' not found)]]></system-err>
      </testcase>
      <system-out><![CDATA[2018-01-04 15:16:28 - [TEST_SUITE][FAILED] - HRMTestSuite: Test Cases/HRM_Login FAILED because (of) Unable to verify object 'Object Repository/Page_OrangeHRM/span_Invalid credentials' is present (Root cause: com.kms.katalon.core.webui.exception.WebElementNotFoundException: Web element with id: 'Object Repository/Page_OrangeHRM/span_Invalid credentials' located by 'By.xpath: //span[count(. | //*[@id = 'spanMessage']) = count(//*[@id = 'spanMessage'])][count(. | //*[text() = 'Invalid credentials']) = count(//*[text() = 'Invalid credentials'])]' not found)]]></system-out>
      <system-err><![CDATA[2018-01-04 15:16:28 - [TEST_SUITE][FAILED] - HRMTestSuite: Test Cases/HRM_Login FAILED because (of) Unable to verify object 'Object Repository/Page_OrangeHRM/span_Invalid credentials' is present (Root cause: com.kms.katalon.core.webui.exception.WebElementNotFoundException: Web element with id: 'Object Repository/Page_OrangeHRM/span_Invalid credentials' located by 'By.xpath: //span[count(. | //*[@id = 'spanMessage']) = count(//*[@id = 'spanMessage'])][count(. | //*[text() = 'Invalid credentials']) = count(//*[text() = 'Invalid credentials'])]' not found)]]></system-err>
   </testsuite>
</testsuites>
