<?xml version="1.0" encoding="UTF-8"?>
<testsuites name="KatalonGit" time="0" tests="0" failures="0" errors="0">
   <testsuite name="KatalonGit" tests="0" failures="0" errors="0" time="0" timestamp="2018-01-02 13:02:42" hostname="ENguli - LTTECH1550.safaricom.net" id="Test Suites/KatalonGit">
      <properties>
         <property name="deviceName" value=""/>
         <property name="devicePlatform" value=""/>
         <property name="logFolder" value="C:\\Users\\enguli\\git\\KatalonStudioTestRepo\\Reports\\KatalonGit\\20180102_130239"/>
         <property name="logFiles" value="C:\\Users\\enguli\\git\\KatalonStudioTestRepo\\Reports\\KatalonGit\\20180102_130239\\execution0.log"/>
         <property name="attachments" value=""/>
         <property name="hostName" value="ENguli - LTTECH1550.safaricom.net"/>
         <property name="hostAddress" value="192.168.43.131"/>
         <property name="os" value="Windows 7 64bit"/>
         <property name="katalonVersion" value="5.2.0.1"/>
      </properties>
      <system-out><![CDATA[2018-01-02 13:02:42 - [TEST_SUITE][INCOMPLETE] - KatalonGit: null]]></system-out>
      <system-err><![CDATA[2018-01-02 13:02:42 - [TEST_SUITE][INCOMPLETE] - KatalonGit: null]]></system-err>
   </testsuite>
</testsuites>
